simon/build/intermediates/manifest_merge_blame_file/debug/manifest-merger-blame-debug-report.txt
1<?xml version="1.0" encoding="utf-8"?>
2<manifest xmlns:android="http://schemas.android.com/apk/res/android"
3    package="simon" >
4
5    <application>
5-->src/main/AndroidManifest.xml:4:2-8:16
6        <provider
6-->src/main/AndroidManifest.xml:5:3-7:40
7            android:name="simon.tuke.TukeInit"
7-->src/main/AndroidManifest.xml:7:4-38
8            android:authorities="${applicationId}.Tuke" />
8-->src/main/AndroidManifest.xml:6:4-47
9    </application>
10
11</manifest>